


ARM Macro Assembler    Page 1 


    1 00000000                 AREA             FifthAssignment, CODE, READONLY
    2 00000000                 IMPORT           main
    3 00000000                 EXPORT           start
    4 00000000         
    5 00000000         start
    6 00000000 E59F1118        LDR              r1, =teststr
    7 00000004 E3A02007        LDR              r2, =7
    8 00000008 E3A03000        LDR              r3, =0      ;minus check
    9 0000000C E3A04000        LDR              r4, =0      ;check its done wit
                                                            h 0x bit 
   10 00000010 E3A05000        LDR              r5, =0
   11 00000014 E3A08004        LDR              r8, =4
   12 00000018 E3A0A001        LDR              r10,=1
   13 0000001C E3A0B000        LDR              r11,=0
   14 00000020 E3A0C00F        LDR              r12,=0x0000000F
   15 00000024 EA000016        B                testwh1
   16 00000028         wh1
   17 00000028 E350002D        CMP              r0, #0x2D
   18 0000002C 1A000000        BNE              endif1
   19 00000030 E2833001        ADD              r3, r3,#1
   20 00000034         endif1
   21 00000034 E3500078        CMP              r0, #0x78
   22 00000038 1AFFFFFF        BNE              endif2
   23 0000003C         endif2
   24 0000003C E3500041        CMP              r0, #'A'
   25 00000040 3A000004        BCC              endif3
   26 00000044 E3500046        CMP              r0, #'F'
   27 00000048 8A000002        BHI              endif3
   28 0000004C E2400037        SUB              r0, r0, #55
   29 00000050 E1A06000        MOV              r6,r0
   30 00000054 E3A04001        MOV              r4, #1
   31 00000058         endif3
   32 00000058 E3500030        CMP              r0, #'0'
   33 0000005C 3A000004        BCC              endif4
   34 00000060 E3500039        CMP              r0, #'9'
   35 00000064 8A000002        BHI              endif4
   36 00000068 E2400030        SUB              r0, r0, #48
   37 0000006C E1A06000        MOV              r6,r0
   38 00000070 E3A04001        MOV              r4, #1
   39 00000074         endif4
   40 00000074 E3540001        CMP              r4,#1
   41 00000078 1A000001        BNE              endif5
   42 0000007C E1A05205        MOV              r5, r5, LSL #4
   43 00000080 E0855006        ADD              r5,r5,r6
   44 00000084         endif5
   45 00000084         testwh1
   46 00000084 E4D10001        LDRB             r0, [r1], #1 ; }
   47 00000088 E3500000        CMP              r0, #0      ;
   48 0000008C 1AFFFFE5        BNE              wh1
   49 00000090         
   50 00000090 E3530001        CMP              r3,#1
   51 00000094 1A000001        BNE              endif6
   52 00000098 E1E05005        MVN              r5,r5
   53 0000009C E2855001        ADD              r5,r5,#1
   54 000000A0         endif6
   55 000000A0 E59F1078        LDR              r1, =teststr
   56 000000A4 E3A04008        LDR              r4, = 8
   57 000000A8         
   58 000000A8 EA000018        B                testwh2



ARM Macro Assembler    Page 2 


   59 000000AC         wh2
   60 000000AC E35A0002        CMP              r10,#2
   61 000000B0 1A000008        BNE              endif7
   62 000000B4 E1A09005        MOV              r9,r5
   63 000000B8 E1B09879        RORS             r9, r9, r8
   64 000000BC E1B09E49        ASRS             r9, r9, #28
   65 000000C0 E009900C        AND              r9, r9, r12
   66 000000C4 E0899007        ADD              r9, r9, r7
   67 000000C8 E1A00009        MOV              r0, r9
   68 000000CC E2422001        SUB              r2,r2,#1
   69 000000D0 E7C10002        STRB             r0,[r1,r2]
   70 000000D4 E3A0B001        MOV              r11,#1
   71 000000D8         
   72 000000D8         endif7
   73 000000D8 E35A0001        CMP              r10,#1
   74 000000DC 1A000005        BNE              endif8
   75 000000E0 E1A07005        MOV              r7,r5
   76 000000E4 E1A07877        ROR              r7, r7,r8
   77 000000E8 E1A07E47        ASR              r7,r7,#28
   78 000000EC E007700C        AND              r7, r7, r12
   79 000000F0 E1A07207        MOV              r7, r7, LSL #4
   80 000000F4 E28AA001        ADD              r10, r10,#1
   81 000000F8         endif8
   82 000000F8 E35B0001        CMP              r11,#1
   83 000000FC 1A000001        BNE              endif9
   84 00000100 E24AA001        SUB              r10,r10,#1
   85 00000104 E24BB001        SUB              r11, r11,#1
   86 00000108         endif9
   87 00000108 E2888004        ADD              r8, r8, #4
   88 0000010C E2444001        SUB              r4, r4, #1
   89 00000110         testwh2
   90 00000110 E4D10001        LDRB             r0, [r1], #1 ; }
   91 00000114 E3540000        CMP              r4, #0      ;
   92 00000118 1AFFFFE3        BNE              wh2
   93 0000011C         
   94 0000011C         
   95 0000011C         
   96 0000011C EAFFFFFE 
                       stop    B                stop
   97 00000120         
   98 00000120 00000000 
              00000000         AREA             TestData, DATA, READWRITE
   99 00000000 20 2D 30 
              78 41 33 
              34 00    teststr DCB              " -0xA34",0 ; NULL terminated t
                                                            est string
  100 00000008         
  101 00000008         
  102 00000008                 END
Command Line: --debug --xref --apcs=interwork --depend=FirstProgram.d -oFirstPr
ogram.o -IC:\Keil\ARM\INC -IC:\Keil\ARM\INC\Philips --predefine="__EVAL SETA 1"
 --predefine="__MICROLIB SETA 1" --predefine="NO_CLOCK_SETUP SETA 1" --predefin
e="NO_EMC_SETUP SETA 1" --predefine="RAM_INTVEC SETA 1" --predefine="RAM_MODE S
ETA 1" --predefine="REMAP SETA 1" --list=FirstProgram.lst FirstProgram.s



ARM Macro Assembler    Page 1 Alphabetic symbol ordering
Relocatable symbols

FifthAssignment 00000000

Symbol: FifthAssignment
   Definitions
      At line 1 in file FirstProgram.s
   Uses
      None
Comment: FifthAssignment unused
endif1 00000034

Symbol: endif1
   Definitions
      At line 20 in file FirstProgram.s
   Uses
      At line 18 in file FirstProgram.s
Comment: endif1 used once
endif2 0000003C

Symbol: endif2
   Definitions
      At line 23 in file FirstProgram.s
   Uses
      At line 22 in file FirstProgram.s
Comment: endif2 used once
endif3 00000058

Symbol: endif3
   Definitions
      At line 31 in file FirstProgram.s
   Uses
      At line 25 in file FirstProgram.s
      At line 27 in file FirstProgram.s

endif4 00000074

Symbol: endif4
   Definitions
      At line 39 in file FirstProgram.s
   Uses
      At line 33 in file FirstProgram.s
      At line 35 in file FirstProgram.s

endif5 00000084

Symbol: endif5
   Definitions
      At line 44 in file FirstProgram.s
   Uses
      At line 41 in file FirstProgram.s
Comment: endif5 used once
endif6 000000A0

Symbol: endif6
   Definitions
      At line 54 in file FirstProgram.s
   Uses
      At line 51 in file FirstProgram.s
Comment: endif6 used once
endif7 000000D8



ARM Macro Assembler    Page 2 Alphabetic symbol ordering
Relocatable symbols


Symbol: endif7
   Definitions
      At line 72 in file FirstProgram.s
   Uses
      At line 61 in file FirstProgram.s
Comment: endif7 used once
endif8 000000F8

Symbol: endif8
   Definitions
      At line 81 in file FirstProgram.s
   Uses
      At line 74 in file FirstProgram.s
Comment: endif8 used once
endif9 00000108

Symbol: endif9
   Definitions
      At line 86 in file FirstProgram.s
   Uses
      At line 83 in file FirstProgram.s
Comment: endif9 used once
start 00000000

Symbol: start
   Definitions
      At line 5 in file FirstProgram.s
   Uses
      At line 3 in file FirstProgram.s
Comment: start used once
stop 0000011C

Symbol: stop
   Definitions
      At line 96 in file FirstProgram.s
   Uses
      At line 96 in file FirstProgram.s
Comment: stop used once
testwh1 00000084

Symbol: testwh1
   Definitions
      At line 45 in file FirstProgram.s
   Uses
      At line 15 in file FirstProgram.s
Comment: testwh1 used once
testwh2 00000110

Symbol: testwh2
   Definitions
      At line 89 in file FirstProgram.s
   Uses
      At line 58 in file FirstProgram.s
Comment: testwh2 used once
wh1 00000028

Symbol: wh1
   Definitions



ARM Macro Assembler    Page 3 Alphabetic symbol ordering
Relocatable symbols

      At line 16 in file FirstProgram.s
   Uses
      At line 48 in file FirstProgram.s
Comment: wh1 used once
wh2 000000AC

Symbol: wh2
   Definitions
      At line 59 in file FirstProgram.s
   Uses
      At line 92 in file FirstProgram.s
Comment: wh2 used once
16 symbols



ARM Macro Assembler    Page 1 Alphabetic symbol ordering
Relocatable symbols

TestData 00000000

Symbol: TestData
   Definitions
      At line 98 in file FirstProgram.s
   Uses
      None
Comment: TestData unused
teststr 00000000

Symbol: teststr
   Definitions
      At line 99 in file FirstProgram.s
   Uses
      At line 6 in file FirstProgram.s
      At line 55 in file FirstProgram.s

2 symbols



ARM Macro Assembler    Page 1 Alphabetic symbol ordering
External symbols

main 00000000

Symbol: main
   Definitions
      At line 2 in file FirstProgram.s
   Uses
      None
Comment: main unused
1 symbol
352 symbols in table
