


ARM Macro Assembler    Page 1 


    1 00000000                 AREA             SecondAssignment, CODE, READONL
Y
    2 00000000                 IMPORT           main
    3 00000000                 EXPORT           start
    4 00000000         
    5 00000000         start
    6 00000000         
    7 00000000 E3A000F9        LDR              r0, =249    ; set variables 
    8 00000004 E3A01001        LDR              r1, =1
    9 00000008 E3A04000        LDR              r4, =0
   10 0000000C         
   11 0000000C E3A02009        LDR              r2, =9
   12 00000010         
   13 00000010 E0003001        AND              r3, r0, r1
   14 00000014 E0844003        ADD              r4, r4, r3
   15 00000018 E1A000A0        MOV              r0, r0, LSR #1
   16 0000001C         
   17 0000001C E0003001        AND              r3, r0, r1
   18 00000020 E0844003        ADD              r4, r4, r3
   19 00000024 E1A000A0        MOV              r0, r0, LSR #1
   20 00000028 E0003001        AND              r3, r0, r1
   21 0000002C E0844003        ADD              r4, r4, r3
   22 00000030 E1A000A0        MOV              r0, r0, LSR #1
   23 00000034 E0003001        AND              r3, r0, r1
   24 00000038 E0844003        ADD              r4, r4, r3
   25 0000003C E1A000A0        MOV              r0, r0, LSR #1
   26 00000040 E0003001        AND              r3, r0, r1
   27 00000044 E0844003        ADD              r4, r4, r3
   28 00000048 E1A000A0        MOV              r0, r0, LSR #1
   29 0000004C E0003001        AND              r3, r0, r1
   30 00000050 E0844003        ADD              r4, r4, r3
   31 00000054 E1A000A0        MOV              r0, r0, LSR #1
   32 00000058 E0003001        AND              r3, r0, r1
   33 0000005C E0844003        ADD              r4, r4, r3
   34 00000060 E1A000A0        MOV              r0, r0, LSR #1
   35 00000064 E0003001        AND              r3, r0, r1
   36 00000068 E0844003        ADD              r4, r4, r3
   37 0000006C E1A000A0        MOV              r0, r0, LSR #1
   38 00000070 E0003001        AND              r3, r0, r1
   39 00000074 E0844003        ADD              r4, r4, r3
   40 00000078 E1A000A0        MOV              r0, r0, LSR #1
   41 0000007C         
   42 0000007C         
   43 0000007C         
   44 0000007C         
   45 0000007C E0422004        SUB              r2, r2, r4
   46 00000080         
   47 00000080         
   48 00000080         
   49 00000080 EAFFFFFE 
                       stop    B                stop
   50 00000084         
   51 00000084                 END
Command Line: --debug --xref --apcs=interwork --depend=FirstProgram.d -oFirstPr
ogram.o -IC:\Keil\ARM\INC -IC:\Keil\ARM\INC\Philips --predefine="__EVAL SETA 1"
 --predefine="__MICROLIB SETA 1" --predefine="NO_CLOCK_SETUP SETA 1" --predefin
e="NO_EMC_SETUP SETA 1" --predefine="RAM_INTVEC SETA 1" --predefine="RAM_MODE S
ETA 1" --predefine="REMAP SETA 1" --list=FirstProgram.lst FirstProgram.s



ARM Macro Assembler    Page 1 Alphabetic symbol ordering
Relocatable symbols

SecondAssignment 00000000

Symbol: SecondAssignment
   Definitions
      At line 1 in file FirstProgram.s
   Uses
      None
Comment: SecondAssignment unused
start 00000000

Symbol: start
   Definitions
      At line 5 in file FirstProgram.s
   Uses
      At line 3 in file FirstProgram.s
Comment: start used once
stop 00000080

Symbol: stop
   Definitions
      At line 49 in file FirstProgram.s
   Uses
      At line 49 in file FirstProgram.s
Comment: stop used once
3 symbols



ARM Macro Assembler    Page 1 Alphabetic symbol ordering
External symbols

main 00000000

Symbol: main
   Definitions
      At line 2 in file FirstProgram.s
   Uses
      None
Comment: main unused
1 symbol
335 symbols in table
