


ARM Macro Assembler    Page 1 


    1 00000000                 AREA             SIXTHASSIGNMENT, CODE, READONLY
    2 00000000                 IMPORT           main
    3 00000000                 EXPORT           start
    4 00000000         start
    5 00000000 E59F1048        LDR              r1, =teststr
    6 00000004 E59FC048        LDR              R12, =STK_TOP
    7 00000008 E3A03000        LDR              r3,=0
    8 0000000C E59F4044        LDR              r4, =0xA1000404
    9 00000010         
   10 00000010         
   11 00000010 EA000007        B                testwh1
   12 00000014         wh1
   13 00000014 E3500028        CMP              r0,#0x28
   14 00000018 1A000000        BNE              endif1
   15 0000001C E52C0004        STR              r0,[r12,#-4]!
   16 00000020         
   17 00000020         endif1
   18 00000020 E3500029        CMP              r0,#0x29
   19 00000024 1A000002        BNE              endif2
   20 00000028 E52C0004        STR              r0,[r12,#-4]!
   21 0000002C E49C0004        LDR              r0,[r12],#4
   22 00000030 E49C0004        LDR              r0,[r12],#4
   23 00000034         endif2
   24 00000034         
   25 00000034 E4D10001 
                       testwh1 LDRB             r0,[r1],#1
   26 00000038 E3500000        CMP              r0,#0
   27 0000003C 1AFFFFF4        BNE              wh1
   28 00000040         
   29 00000040 E15C0004        CMP              r12, r4
   30 00000044 1A000000        BNE              endif3
   31 00000048 E3A03001        MOV              r3, #1
   32 0000004C         endif3
   33 0000004C         
   34 0000004C         
   35 0000004C         
   36 0000004C EAFFFFFE 
                       stop    B                stop
   37 00000050         
   38 00000050 00000400 
                       STK_SZ  EQU              0x400
   39 00000050         
   40 00000050 00000000 
              00000000 
              A1000404         AREA             TestData, DATA, READWRITE
   41 00000000 20 28 28 
              28 28 28 
              29 29 29 
              29 29 00 teststr DCB              " ((((()))))",0 ; NULL terminat
                                                            ed test string
   42 0000000C                 AREA             Stack, DATA, READWRITE
   43 00000000 00 00 00 
              00 00 00 
              00 00 00 
              00 00 00 
              00 00 00 
              00 00 00 
              00 00 00 
              00 00 00 



ARM Macro Assembler    Page 2 


              00 00 00 
              00 00 00 
              00 00 00 
              00 00 00 
              00 00 00 
              00 00 00 
              00 00 00 
              00 00 00 
              00 00 00 
              00 00 00 
              00 00 00 
              00 00 00 
              00 00 00 
              00 00 00 
              00 00 00 
              00 00 00 
              00 00 00 
              00 00 00 
              00 00 00 
              00 00 00 
              00 00 00 
              00 00 00 
              00 00 00 
              00 00 00 
              00 00 00 
              00 00 00 
              00 00 00 
              00 00 00 
              00 00 00 
              00 00 00 
              00 00 00 
              00 00 00 
              00 00 00 
              00 00 00 
              00 00 00 
              00 00 00 
              00 00 00 
              00 00 00 
              00 00 00 
              00 00 00 
              00 00 00 
              00 00 00 
              00 00 00 
              00 00 00 
              00 00 00 
              00 00 00 
              00 00 00 
              00 00 00 
              00 00 00 
              00 00 00 
              00 00 00 
              00 00 00 
              00 00 00 
              00 00 00 
              00 00 00 
              00 00 00 
              00 00 00 
              00 00 00 
              00 00 00 



ARM Macro Assembler    Page 3 


              00 00 00 
              00 00 00 
              00 00 00 
              00 00 00 
              00 00 00 
              00 00 00 
              00 00 00 
              00 00 00 
              00 00 00 
              00 00 00 
              00 00 00 
              00 00 00 
              00 00 00 
              00 00 00 
              00 00 00 
              00 00 00 
              00 00 00 
              00 00 00 
              00 00 00 
              00 00 00 
              00 00 00 
              00 00 00 
              00 00 00 
              00 00 00 
              00 00 00 
              00 00 00 
              00 00 00 
              00 00 00 
              00 00 00 
              00 00 00 
              00 00 00 
              00 00 00 
              00 00 00 
              00 00 00 
              00 00 00 
              00 00 00 
              00 00 00 
              00 00 00 
              00 00 00 
              00 00 00 
              00 00 00 
              00 00 00 
              00 00 00 
              00 00 00 
              00 00 00 
              00 00 00 
              00 00 00 
              00 00 00 
              00 00 00 
              00 00 00 
              00 00 00 
              00 00 00 
              00 00 00 
              00 00 00 
              00 00 00 
              00 00 00 
              00 00 00 
              00 00 00 
              00 00 00 



ARM Macro Assembler    Page 4 


              00 00 00 
              00 00 00 
              00 00 00 
              00 00 00 
              00 00 00 
              00 00 00 
              00 00 00 
              00 00 00 
              00 00 00 
              00 00 00 
              00 00 00 
              00 00 00 
              00 00 00 
              00 00 00 
              00 00 00 
              00 00 00 
              00 00 00 
              00 00 00 
              00 00 00 
              00 00 00 
              00 00 00 
              00 00 00 
              00 00 00 
              00 00 00 
              00 00 00 
              00 00 00 
              00 00 00 
              00 00 00 
              00 00 00 
              00 00 00 
              00 00 00 
              00 00 00 
              00 00 00 
              00 00 00 
              00 00 00 
              00 00 00 
              00 00 00 
              00 00 00 
              00 00 00 
              00 00 00 
              00 00 00 
              00 00 00 
              00 00 00 
              00 00 00 
              00 00 00 
              00 00 00 
              00 00 00 
              00 00 00 
              00 00 00 
              00 00 00 
              00 00 00 
              00 00 00 
              00 00 00 
              00 00 00 
              00 00 00 
              00 00 00 
              00 00 00 
              00 00 00 
              00 00 00 



ARM Macro Assembler    Page 5 


              00 00 00 
              00 00 00 
              00 00 00 
              00 00 00 
              00 00 00 
              00 00 00 
              00 00 00 
              00 00 00 
              00 00 00 
              00 00 00 
              00 00 00 
              00 00 00 
              00 00 00 
              00 00 00 
              00 00 00 
              00 00 00 
              00 00 00 
              00 00 00 
              00 00 00 
              00 00 00 
              00 00 00 
              00 00 00 
              00 00 00 
              00 00 00 
              00 00 00 
              00 00 00 
              00 00 00 
              00 00 00 
              00 00 00 
              00 00 00 
              00 00 00 
              00 00 00 
              00 00 00 
              00 00 00 
              00 00 00 
              00 00 00 
              00 00 00 
              00 00 00 
              00 00 00 
              00 00 00 
              00 00 00 
              00 00 00 
              00 00 00 
              00 00 00 
              00 00 00 
              00 00 00 
              00 00 00 
              00 00 00 
              00 00 00 
              00 00 00 
              00 00 00 
              00 00 00 
              00 00 00 
              00 00 00 
              00 00 00 
              00 00 00 
              00 00 00 
              00 00 00 
              00 00 00 



ARM Macro Assembler    Page 6 


              00 00 00 
              00 00 00 
              00 00 00 
              00 00 00 
              00 00 00 
              00 00 00 
              00 00 00 
              00 00 00 
              00 00 00 
              00 00 00 
              00 00 00 
              00 00 00 
              00 00 00 
              00 00 00 
              00 00 00 
              00 00 00 
              00 00 00 
              00 00 00 
              00 00 00 
              00 00 00 
              00 00 00 
              00 00 00 
              00 00 00 
              00 00 00 
              00 00 00 
              00 00 00 
              00 00 00 
              00 00 00 
              00 00 00 
              00 00 00 
              00 00 00 
              00 00 00 
              00 00 00 
              00 00 00 
              00 00 00 
              00 00 00 
              00 00 00 
              00 00 00 
              00 00 00 
              00 00 00 
              00 00 00 
              00 00 00 
              00 00 00 
              00 00 00 
              00 00 00 
              00 00 00 
              00 00 00 
              00 00 00 
              00 00 00 
              00 00 00 
              00 00 00 
              00 00 00 
              00 00 00 
              00 00 00 
              00 00 00 
              00 00 00 
              00 00 00 
              00 00 00 
              00 00 00 



ARM Macro Assembler    Page 7 


              00 00 00 
              00 00 00 
              00 00 00 
              00 00 00 
              00 00 00 
              00 00 00 
              00 00 00 
              00 00 00 
              00 00 00 
              00 00 00 
              00 00 00 
              00 00 00 
              00 00 00 
              00 00 00 
              00 00 00 
              00 00 00 
              00 00 00 
              00 00 00 
              00 00 00 
              00 00 00 
              00 00 00 
              00 00 00 
              00 00 00 
              00 00 00 
              00 00 00 
              00 00 00 
              00 00 00 
              00 00 00 
              00 00 00 
              00 00 00 
              00 00 00 
              00 00 00 
              00 00 00 
              00 00 00 
              00 00 00 
              00 00 00 
              00 00 00 
              00 00 00 
              00       STK_MEM SPACE            STK_SZ
   44 00000400         STK_TOP
   45 00000400         
   46 00000400                 END
Command Line: --debug --xref --apcs=interwork --depend=FirstProgram.d -oFirstPr
ogram.o -IC:\Keil\ARM\INC -IC:\Keil\ARM\INC\Philips --predefine="__EVAL SETA 1"
 --predefine="__MICROLIB SETA 1" --predefine="NO_CLOCK_SETUP SETA 1" --predefin
e="NO_EMC_SETUP SETA 1" --predefine="RAM_INTVEC SETA 1" --predefine="RAM_MODE S
ETA 1" --predefine="REMAP SETA 1" --list=FirstProgram.lst FirstProgram.s



ARM Macro Assembler    Page 1 Alphabetic symbol ordering
Relocatable symbols

SIXTHASSIGNMENT 00000000

Symbol: SIXTHASSIGNMENT
   Definitions
      At line 1 in file FirstProgram.s
   Uses
      None
Comment: SIXTHASSIGNMENT unused
endif1 00000020

Symbol: endif1
   Definitions
      At line 17 in file FirstProgram.s
   Uses
      At line 14 in file FirstProgram.s
Comment: endif1 used once
endif2 00000034

Symbol: endif2
   Definitions
      At line 23 in file FirstProgram.s
   Uses
      At line 19 in file FirstProgram.s
Comment: endif2 used once
endif3 0000004C

Symbol: endif3
   Definitions
      At line 32 in file FirstProgram.s
   Uses
      At line 30 in file FirstProgram.s
Comment: endif3 used once
start 00000000

Symbol: start
   Definitions
      At line 4 in file FirstProgram.s
   Uses
      At line 3 in file FirstProgram.s
Comment: start used once
stop 0000004C

Symbol: stop
   Definitions
      At line 36 in file FirstProgram.s
   Uses
      At line 36 in file FirstProgram.s
Comment: stop used once
testwh1 00000034

Symbol: testwh1
   Definitions
      At line 25 in file FirstProgram.s
   Uses
      At line 11 in file FirstProgram.s
Comment: testwh1 used once
wh1 00000014

Symbol: wh1



ARM Macro Assembler    Page 2 Alphabetic symbol ordering
Relocatable symbols

   Definitions
      At line 12 in file FirstProgram.s
   Uses
      At line 27 in file FirstProgram.s
Comment: wh1 used once
8 symbols



ARM Macro Assembler    Page 1 Alphabetic symbol ordering
Relocatable symbols

TestData 00000000

Symbol: TestData
   Definitions
      At line 40 in file FirstProgram.s
   Uses
      None
Comment: TestData unused
teststr 00000000

Symbol: teststr
   Definitions
      At line 41 in file FirstProgram.s
   Uses
      At line 5 in file FirstProgram.s
Comment: teststr used once
2 symbols



ARM Macro Assembler    Page 1 Alphabetic symbol ordering
Relocatable symbols

STK_MEM 00000000

Symbol: STK_MEM
   Definitions
      At line 43 in file FirstProgram.s
   Uses
      None
Comment: STK_MEM unused
STK_TOP 00000400

Symbol: STK_TOP
   Definitions
      At line 44 in file FirstProgram.s
   Uses
      At line 6 in file FirstProgram.s
Comment: STK_TOP used once
Stack 00000000

Symbol: Stack
   Definitions
      At line 42 in file FirstProgram.s
   Uses
      None
Comment: Stack unused
3 symbols



ARM Macro Assembler    Page 1 Alphabetic symbol ordering
Absolute symbols

STK_SZ 00000400

Symbol: STK_SZ
   Definitions
      At line 38 in file FirstProgram.s
   Uses
      At line 43 in file FirstProgram.s
Comment: STK_SZ used once
1 symbol



ARM Macro Assembler    Page 1 Alphabetic symbol ordering
External symbols

main 00000000

Symbol: main
   Definitions
      At line 2 in file FirstProgram.s
   Uses
      None
Comment: main unused
1 symbol
348 symbols in table
