


ARM Macro Assembler    Page 1 


    1 00000000                 AREA             AsmTemplate, CODE, READONLY
    2 00000000                 IMPORT           main
    3 00000000         
    4 00000000         ; sample program makes the 4 LEDs P1.16, P1.17, P1.18, P
                       1.19 go on and off in sequence
    5 00000000         ; (c) Mike Brady, 2011.
    6 00000000         
    7 00000000                 EXPORT           start
    8 00000000         start
    9 00000000         
   10 00000000 E0028018 
                       IO1DIR  EQU              0xE0028018
   11 00000000 E0028014 
                       IO1SET  EQU              0xE0028014
   12 00000000 E002801C 
                       IO1CLR  EQU              0xE002801C
   13 00000000 E0028010 
                       IO1PIN  EQU              0xE0028010
   14 00000000         
   15 00000000 E59F1040        ldr              r1,=IO1DIR
   16 00000004 E3A0280F        ldr              r2,=0x000f0000 ;select P1.19--P
                                                            1.16
   17 00000008 E5812000        str              r2,[r1]     ;make them outputs
   18 0000000C E59F1038        ldr              r1,=IO1SET
   19 00000010 E5812000        str              r2,[r1]     ;set them to turn t
                                                            he LEDs off
   20 00000014 E59F2034        ldr              r2,=IO1CLR
   21 00000018         ; r1 points to the SET register
   22 00000018         ; r2 points to the CLEAR register
   23 00000018         
   24 00000018 E3A05601        ldr              r5,=0x00100000 ; end when the m
                                                            ask reaches this va
                                                            lue
   25 0000001C E3A03801 
                       wloop   ldr              r3,=0x00010000 
                                                            ; start with P1.16.
                                                            
   26 00000020 E5823000 
                       floop   str              r3,[r2]     ; clear the bit -> 
                                                            turn on the LED
   27 00000024         
   28 00000024         ;delay for about a half second
   29 00000024 E59F4028        ldr              r4,=50000000
   30 00000028 E2544001 
                       dloop   subs             r4,r4,#1
   31 0000002C 1AFFFFFD        bne              dloop
   32 00000030         
   33 00000030 E5813000        str              r3,[r1]     ;set the bit -> tur
                                                            n off the LED
   34 00000034 E1A03083        mov              r3,r3,lsl #1 ;shift up to next 
                                                            bit. P1.16 -> P1.17
                                                             etc.
   35 00000038 E1530005        cmp              r3,r5
   36 0000003C 1AFFFFF7        bne              floop
   37 00000040 EAFFFFF5        b                wloop
   38 00000044 EAFFFFFE 
                       stop    B                stop
   39 00000048         
   40 00000048                 END



ARM Macro Assembler    Page 2 


              E0028018 
              E0028014 
              E002801C 
              02FAF080 
Command Line: --debug --xref --apcs=interwork --depend=App.d -oApp.o -IC:\Keil\
ARM\INC -IC:\Keil\ARM\INC\Philips --predefine="__EVAL SETA 1" --predefine="__MI
CROLIB SETA 1" --list=.\Listings\App.lst App.s



ARM Macro Assembler    Page 1 Alphabetic symbol ordering
Relocatable symbols

AsmTemplate 00000000

Symbol: AsmTemplate
   Definitions
      At line 1 in file App.s
   Uses
      None
Comment: AsmTemplate unused
dloop 00000028

Symbol: dloop
   Definitions
      At line 30 in file App.s
   Uses
      At line 31 in file App.s
Comment: dloop used once
floop 00000020

Symbol: floop
   Definitions
      At line 26 in file App.s
   Uses
      At line 36 in file App.s
Comment: floop used once
start 00000000

Symbol: start
   Definitions
      At line 8 in file App.s
   Uses
      At line 7 in file App.s
Comment: start used once
stop 00000044

Symbol: stop
   Definitions
      At line 38 in file App.s
   Uses
      At line 38 in file App.s
Comment: stop used once
wloop 0000001C

Symbol: wloop
   Definitions
      At line 25 in file App.s
   Uses
      At line 37 in file App.s
Comment: wloop used once
6 symbols



ARM Macro Assembler    Page 1 Alphabetic symbol ordering
Absolute symbols

IO1CLR E002801C

Symbol: IO1CLR
   Definitions
      At line 12 in file App.s
   Uses
      At line 20 in file App.s
Comment: IO1CLR used once
IO1DIR E0028018

Symbol: IO1DIR
   Definitions
      At line 10 in file App.s
   Uses
      At line 15 in file App.s
Comment: IO1DIR used once
IO1PIN E0028010

Symbol: IO1PIN
   Definitions
      At line 13 in file App.s
   Uses
      None
Comment: IO1PIN unused
IO1SET E0028014

Symbol: IO1SET
   Definitions
      At line 11 in file App.s
   Uses
      At line 18 in file App.s
Comment: IO1SET used once
4 symbols



ARM Macro Assembler    Page 1 Alphabetic symbol ordering
External symbols

main 00000000

Symbol: main
   Definitions
      At line 2 in file App.s
   Uses
      None
Comment: main unused
1 symbol
339 symbols in table
