


ARM Macro Assembler    Page 1 


    1 00000000                 AREA             AsmTemplate, CODE, READONLY
    2 00000000                 IMPORT           main
    3 00000000         
    4 00000000         ; Program to display all 16 hexadecimal digits on a 7 se
                       gment display, starting at F, then E, working down to 0,
                        
    5 00000000         ; before starting at F again
    6 00000000         
    7 00000000                 EXPORT           start
    8 00000000         start
    9 00000000         
   10 00000000 E0028018 
                       IO1DIR  EQU              0xE0028018
   11 00000000 E0028014 
                       IO1SET  EQU              0xE0028014
   12 00000000 E002801C 
                       IO1CLR  EQU              0xE002801C
   13 00000000 E0028010 
                       IO1PIN  EQU              0xE0028010
   14 00000000         
   15 00000000 E0028008 
                       IO0DIR  EQU              0xE0028008
   16 00000000 E0028004 
                       IO0SET  EQU              0xE0028004
   17 00000000 E002800C 
                       IO0CLR  EQU              0xE002800C  ;for pins on I/0 pi
                                                            ns
   18 00000000         
   19 00000000 E59F1090        ldr              r1,=IO0DIR
   20 00000004 E3A02EFF        ldr              r2,=0x00000ff0 ;select P0.11 - 
                                                            P0.4 (P0.4 is the t
                                                            op of the 7 segment
                                                             display, pins are 
                                                            assigned clockwise 
                                                            around the outside,
                                                             then center, then 
                                                            decimal place
   21 00000008 E5812000        str              r2,[r1]     ;make them outputs
   22 0000000C E59F1088        ldr              r1,=IO0SET
   23 00000010 E5812000        str              r2,[r1]     ;set them to turn t
                                                            he LEDs off
   24 00000014 E59F2084        ldr              r2,=IO0CLR
   25 00000018         ; r1 points to the SET register
   26 00000018         ; r2 points to the CLEAR register
   27 00000018 E59F6084        ldr              r6, =IO1PIN
   28 0000001C         
   29 0000001C E3A0A801        ldr              r10, =0x00010000
   30 00000020 E3A08801        ldr              r8, = 0x00010000
   31 00000024 E5828000        str              r8, [r2]
   32 00000028 E1A08088        mov              r8, r8, lsl #1
   33 0000002C         
   34 0000002C E3A05601        ldr              r5,=0x00100000 ; end when the m
                                                            ask reaches this va
                                                            lue
   35 00000030 EA000001        B                first       ;On the first run, 
                                                            skip past the reset
                                                            ting of r8 and r10
   36 00000034         loop
   37 00000034 E3A08801        ldr              r8,=0x00010000



ARM Macro Assembler    Page 2 


   38 00000038 E3A0A702        ldr              r10, =0x00080000
   39 0000003C         first
   40 0000003C E3A0360F        ldr              r3,=0x00F00000
   41 00000040         ;Note 
   42 00000040         ; P1.16 = 0x00010000, P1.17 = 0x00020000, 
   43 00000040         ; P1.18 = 0x00040000, P1.19 = 0x00080000 
   44 00000040         
   45 00000040         forLoop                              ;For 4 LEDs
   46 00000040         ;str r3,[r2]      ; clear the bit -> turn on the LED
   47 00000040         
   48 00000040 E5967000        ldr              r7, [r6]
   49 00000044         
   50 00000044 E0139007        ANDS             r9, r3, r7
   51 00000048 E1590003        CMP              r9, r3
   52 0000004C 0A00000D        BEQ              skip
   53 00000050         
   54 00000050 E5828000        str              r8,[r2]     ; clear the bit -> 
                                                            turn on the LED
   55 00000054 E581A000        str              r10,[r1]    ;set the bit -> tur
                                                            n off the LED prior
                                                             to r8
   56 00000058         
   57 00000058         
   58 00000058         ;While the button is still pressed down, so nothing
   59 00000058         whileLoop
   60 00000058 E5967000        ldr              r7, [r6]
   61 0000005C E0139007        ANDS             r9, r3, r7
   62 00000060 E1590003        CMP              r9, r3
   63 00000064 1AFFFFFB        BNE              whileLoop
   64 00000068         
   65 00000068         ;Loop to delay for a half second
   66 00000068 E59F4038        ldr              r4, =2000000
   67 0000006C         delayLoop
   68 0000006C E2544001        subs             r4,r4,#1
   69 00000070 1AFFFFFD        bne              delayLoop
   70 00000074         
   71 00000074 E1A08088        mov              r8,r8,lsl #1
   72 00000078 E1A0A08A        mov              r10, r10, lsl #1
   73 0000007C         ;If r10 has reached the mask, set it back to the first L
                       ED
   74 0000007C E15A0005        cmp              r10, r5
   75 00000080 1A000000        BNE              skip
   76 00000084 E3A0A801        ldr              r10, =0x00010000
   77 00000088         skip
   78 00000088 E1580005        cmp              r8,r5       ;Check if we've rea
                                                            ched the mask yet (
                                                            i.e. P1.20)
   79 0000008C 1AFFFFEB        bne              forLoop
   80 00000090         
   81 00000090 EAFFFFE7        b                loop
   82 00000094         
   83 00000094 EAFFFFFE 
                       stop    B                stop
   84 00000098         
   85 00000098                 END
              E0028008 
              E0028004 
              E002800C 
              E0028010 



ARM Macro Assembler    Page 3 


              001E8480 
Command Line: --debug --xref --apcs=interwork --depend=App.d -oApp.o -IC:\Keil\
ARM\INC -IC:\Keil\ARM\INC\Philips --predefine="__EVAL SETA 1" --predefine="__MI
CROLIB SETA 1" --list=.\Listings\App.lst App.s



ARM Macro Assembler    Page 1 Alphabetic symbol ordering
Relocatable symbols

AsmTemplate 00000000

Symbol: AsmTemplate
   Definitions
      At line 1 in file App.s
   Uses
      None
Comment: AsmTemplate unused
delayLoop 0000006C

Symbol: delayLoop
   Definitions
      At line 67 in file App.s
   Uses
      At line 69 in file App.s
Comment: delayLoop used once
first 0000003C

Symbol: first
   Definitions
      At line 39 in file App.s
   Uses
      At line 35 in file App.s
Comment: first used once
forLoop 00000040

Symbol: forLoop
   Definitions
      At line 45 in file App.s
   Uses
      At line 79 in file App.s
Comment: forLoop used once
loop 00000034

Symbol: loop
   Definitions
      At line 36 in file App.s
   Uses
      At line 81 in file App.s
Comment: loop used once
skip 00000088

Symbol: skip
   Definitions
      At line 77 in file App.s
   Uses
      At line 52 in file App.s
      At line 75 in file App.s

start 00000000

Symbol: start
   Definitions
      At line 8 in file App.s
   Uses
      At line 7 in file App.s
Comment: start used once
stop 00000094




ARM Macro Assembler    Page 2 Alphabetic symbol ordering
Relocatable symbols

Symbol: stop
   Definitions
      At line 83 in file App.s
   Uses
      At line 83 in file App.s
Comment: stop used once
whileLoop 00000058

Symbol: whileLoop
   Definitions
      At line 59 in file App.s
   Uses
      At line 63 in file App.s
Comment: whileLoop used once
9 symbols



ARM Macro Assembler    Page 1 Alphabetic symbol ordering
Absolute symbols

IO0CLR E002800C

Symbol: IO0CLR
   Definitions
      At line 17 in file App.s
   Uses
      At line 24 in file App.s
Comment: IO0CLR used once
IO0DIR E0028008

Symbol: IO0DIR
   Definitions
      At line 15 in file App.s
   Uses
      At line 19 in file App.s
Comment: IO0DIR used once
IO0SET E0028004

Symbol: IO0SET
   Definitions
      At line 16 in file App.s
   Uses
      At line 22 in file App.s
Comment: IO0SET used once
IO1CLR E002801C

Symbol: IO1CLR
   Definitions
      At line 12 in file App.s
   Uses
      None
Comment: IO1CLR unused
IO1DIR E0028018

Symbol: IO1DIR
   Definitions
      At line 10 in file App.s
   Uses
      None
Comment: IO1DIR unused
IO1PIN E0028010

Symbol: IO1PIN
   Definitions
      At line 13 in file App.s
   Uses
      At line 27 in file App.s
Comment: IO1PIN used once
IO1SET E0028014

Symbol: IO1SET
   Definitions
      At line 11 in file App.s
   Uses
      None
Comment: IO1SET unused
7 symbols



ARM Macro Assembler    Page 1 Alphabetic symbol ordering
External symbols

main 00000000

Symbol: main
   Definitions
      At line 2 in file App.s
   Uses
      None
Comment: main unused
1 symbol
345 symbols in table
